This is pdfTeX, Version 3.14159265-2.6-1.40.20 (TeX Live 2019/Debian) (preloaded format=pdflatex 2019.11.19)  15 JAN 2020 11:56
entering extended mode
 restricted \write18 enabled.
 %&-line parsing enabled.
**zonal.tex
(./zonal.tex
LaTeX2e <2018-12-01>
(./svjour3.cls
Document Class: svjour3 2007/05/08 v3.2 
LaTeX document class for Springer journals
Class Springer-SVJour3 Info: extra/valid Springer sub-package (-> *.clo) 
(Springer-SVJour3)           not found in option list of \documentclass
(Springer-SVJour3)           - autoactivating "global" style.
(./svglov3.clo
File: svglov3.clo 2009/12/18 v3.2 style option for standardised journals

SVJour Class option: svglov3.clo for standardised journals
)
LaTeX Font Info:    Redeclaring math symbol \Gamma on input line 147.
LaTeX Font Info:    Redeclaring math symbol \Delta on input line 148.
LaTeX Font Info:    Redeclaring math symbol \Theta on input line 149.
LaTeX Font Info:    Redeclaring math symbol \Lambda on input line 150.
LaTeX Font Info:    Redeclaring math symbol \Xi on input line 151.
LaTeX Font Info:    Redeclaring math symbol \Pi on input line 152.
LaTeX Font Info:    Redeclaring math symbol \Sigma on input line 153.
LaTeX Font Info:    Redeclaring math symbol \Upsilon on input line 154.
LaTeX Font Info:    Redeclaring math symbol \Phi on input line 155.
LaTeX Font Info:    Redeclaring math symbol \Psi on input line 156.
LaTeX Font Info:    Redeclaring math symbol \Omega on input line 157.
\logodepth=\dimen102
\headerboxheight=\dimen103
\betweenumberspace=\dimen104
\aftertext=\dimen105
\headlineindent=\dimen106
\c@inst=\count80
\c@auth=\count81
\instindent=\dimen107
\authrun=\box27
\authorrunning=\toks14
\titrun=\box28
\titlerunning=\toks15
\combirun=\box29
\c@lastpage=\count82
\rubricwidth=\dimen108
\c@section=\count83
\c@subsection=\count84
\c@subsubsection=\count85
\c@paragraph=\count86
\c@subparagraph=\count87
\spthmsep=\dimen109
\c@theorem=\count88
\c@case=\count89
\c@conjecture=\count90
\c@corollary=\count91
\c@definition=\count92
\c@example=\count93
\c@exercise=\count94
\c@lemma=\count95
\c@note=\count96
\c@problem=\count97
\c@property=\count98
\c@proposition=\count99
\c@question=\count100
\c@solution=\count101
\c@remark=\count102
\c@figure=\count103
\c@table=\count104
\abovecaptionskip=\skip41
\belowcaptionskip=\skip42
\figcapgap=\dimen110
\tabcapgap=\dimen111
\figgap=\dimen112
\bibindent=\dimen113
\@tempcntc=\count105
) (/usr/share/texlive/texmf-dist/tex/latex/amsmath/amsmath.sty
Package: amsmath 2018/12/01 v2.17b AMS math features
\@mathmargin=\skip43

For additional information on amsmath, use the `?' option.
(/usr/share/texlive/texmf-dist/tex/latex/amsmath/amstext.sty
Package: amstext 2000/06/29 v2.01 AMS text

(/usr/share/texlive/texmf-dist/tex/latex/amsmath/amsgen.sty
File: amsgen.sty 1999/11/30 v2.0 generic functions
\@emptytoks=\toks16
\ex@=\dimen114
))
(/usr/share/texlive/texmf-dist/tex/latex/amsmath/amsbsy.sty
Package: amsbsy 1999/11/29 v1.2d Bold Symbols
\pmbraise@=\dimen115
)
(/usr/share/texlive/texmf-dist/tex/latex/amsmath/amsopn.sty
Package: amsopn 2016/03/08 v2.02 operator names
)
\inf@bad=\count106
LaTeX Info: Redefining \frac on input line 223.
\uproot@=\count107
\leftroot@=\count108
LaTeX Info: Redefining \overline on input line 385.
\classnum@=\count109
\DOTSCASE@=\count110
LaTeX Info: Redefining \ldots on input line 482.
LaTeX Info: Redefining \dots on input line 485.
LaTeX Info: Redefining \cdots on input line 606.
\Mathstrutbox@=\box30
\strutbox@=\box31
\big@size=\dimen116
LaTeX Font Info:    Redeclaring font encoding OML on input line 729.
LaTeX Font Info:    Redeclaring font encoding OMS on input line 730.


Package amsmath Warning: Unable to redefine math accent \vec.

\macc@depth=\count111
\c@MaxMatrixCols=\count112
\dotsspace@=\muskip10
\c@parentequation=\count113
\dspbrk@lvl=\count114
\tag@help=\toks17
\row@=\count115
\column@=\count116
\maxfields@=\count117
\andhelp@=\toks18
\eqnshift@=\dimen117
\alignsep@=\dimen118
\tagshift@=\dimen119
\tagwidth@=\dimen120
\totwidth@=\dimen121
\lineht@=\dimen122
\@envbody=\toks19
\multlinegap=\skip44
\multlinetaggap=\skip45
\mathdisplay@stack=\toks20
LaTeX Info: Redefining \[ on input line 2844.
LaTeX Info: Redefining \] on input line 2845.
) (/usr/share/texlive/texmf-dist/tex/latex/graphics/graphicx.sty
Package: graphicx 2017/06/01 v1.1a Enhanced LaTeX Graphics (DPC,SPQR)

(/usr/share/texlive/texmf-dist/tex/latex/graphics/keyval.sty
Package: keyval 2014/10/28 v1.15 key=value parser (DPC)
\KV@toks@=\toks21
)
(/usr/share/texlive/texmf-dist/tex/latex/graphics/graphics.sty
Package: graphics 2017/06/25 v1.2c Standard LaTeX Graphics (DPC,SPQR)

(/usr/share/texlive/texmf-dist/tex/latex/graphics/trig.sty
Package: trig 2016/01/03 v1.10 sin cos tan (DPC)
)
(/usr/share/texlive/texmf-dist/tex/latex/graphics-cfg/graphics.cfg
File: graphics.cfg 2016/06/04 v1.11 sample graphics configuration
)
Package graphics Info: Driver file: pdftex.def on input line 99.

(/usr/share/texlive/texmf-dist/tex/latex/graphics-def/pdftex.def
File: pdftex.def 2018/01/08 v1.0l Graphics/color driver for pdftex
))
\Gin@req@height=\dimen123
\Gin@req@width=\dimen124
)
(/usr/share/texlive/texmf-dist/tex/latex/base/inputenc.sty
Package: inputenc 2018/08/11 v1.3c Input encoding file
\inpenc@prehook=\toks22
\inpenc@posthook=\toks23

(/usr/share/texlive/texmf-dist/tex/latex/base/latin9.def
File: latin9.def 2018/08/11 v1.3c Input encoding file
))
(/usr/share/texlive/texmf-dist/tex/latex/amsfonts/amssymb.sty
Package: amssymb 2013/01/14 v3.01 AMS font symbols

(/usr/share/texlive/texmf-dist/tex/latex/amsfonts/amsfonts.sty
Package: amsfonts 2013/01/14 v3.01 Basic AMSFonts support
\symAMSa=\mathgroup4
\symAMSb=\mathgroup5
LaTeX Font Info:    Overwriting math alphabet `\mathfrak' in version `bold'
(Font)                  U/euf/m/n --> U/euf/b/n on input line 106.
))
(/usr/share/texlive/texmf-dist/tex/latex/float/float.sty
Package: float 2001/11/08 v1.3d Float enhancements (AL)
\c@float@type=\count118
\float@exts=\toks24
\float@box=\box32
\@float@everytoks=\toks25
\@floatcapt=\box33
)
(/usr/share/texlive/texmf-dist/tex/latex/xcolor/xcolor.sty
Package: xcolor 2016/05/11 v2.12 LaTeX color extensions (UK)

(/usr/share/texlive/texmf-dist/tex/latex/graphics-cfg/color.cfg
File: color.cfg 2016/01/02 v1.6 sample color configuration
)
Package xcolor Info: Driver file: pdftex.def on input line 225.
Package xcolor Info: Model `cmy' substituted by `cmy0' on input line 1348.
Package xcolor Info: Model `hsb' substituted by `rgb' on input line 1352.
Package xcolor Info: Model `RGB' extended on input line 1364.
Package xcolor Info: Model `HTML' substituted by `rgb' on input line 1366.
Package xcolor Info: Model `Hsb' substituted by `hsb' on input line 1367.
Package xcolor Info: Model `tHsb' substituted by `hsb' on input line 1368.
Package xcolor Info: Model `HSB' substituted by `hsb' on input line 1369.
Package xcolor Info: Model `Gray' substituted by `gray' on input line 1370.
Package xcolor Info: Model `wave' substituted by `hsb' on input line 1371.
)
(/usr/share/texlive/texmf-dist/tex/latex/url/url.sty
\Urlmuskip=\muskip11
Package: url 2013/09/16  ver 3.4  Verb mode for urls, etc.
) (./mma.sty
\c@mmacnt=\count119
)
\c@thm=\count120

(/usr/share/texlive/texmf-dist/tex/generic/babel/babel.sty
Package: babel 2019/06/03 3.32 The Babel package

(/usr/share/texlive/texmf-dist/tex/generic/babel/switch.def
File: switch.def 2019/06/03 3.32 Babel switching mechanism
)
(/usr/share/texlive/texmf-dist/tex/generic/babel-english/american.ldf
Language: american 2017/06/06 v3.3r English support from the babel system

(/usr/share/texlive/texmf-dist/tex/generic/babel-english/english.ldf
Language: english 2017/06/06 v3.3r English support from the babel system

(/usr/share/texlive/texmf-dist/tex/generic/babel/babel.def
File: babel.def 2019/06/03 3.32 Babel common definitions
\babel@savecnt=\count121
\U@D=\dimen125

(/usr/share/texlive/texmf-dist/tex/generic/babel/txtbabel.def)
\bbl@dirlevel=\count122
)
\l@british = a dialect from \language\l@english 
\l@UKenglish = a dialect from \language\l@english 
\l@canadian = a dialect from \language\l@american 
\l@australian = a dialect from \language\l@british 
\l@newzealand = a dialect from \language\l@british 
))) (./zonal.aux)
\openout1 = `zonal.aux'.

LaTeX Font Info:    Checking defaults for OML/cmm/m/it on input line 54.
LaTeX Font Info:    ... okay on input line 54.
LaTeX Font Info:    Checking defaults for T1/cmr/m/n on input line 54.
LaTeX Font Info:    ... okay on input line 54.
LaTeX Font Info:    Checking defaults for OT1/cmr/m/n on input line 54.
LaTeX Font Info:    ... okay on input line 54.
LaTeX Font Info:    Checking defaults for OMS/cmsy/m/n on input line 54.
LaTeX Font Info:    ... okay on input line 54.
LaTeX Font Info:    Checking defaults for OMX/cmex/m/n on input line 54.
LaTeX Font Info:    ... okay on input line 54.
LaTeX Font Info:    Checking defaults for U/cmr/m/n on input line 54.
LaTeX Font Info:    ... okay on input line 54.

Unknown journal: specify \journalname{<name of your journal>} in preambel

(/usr/share/texlive/texmf-dist/tex/context/base/mkii/supp-pdf.mkii
[Loading MPS to PDF converter (version 2006.09.02).]
\scratchcounter=\count123
\scratchdimen=\dimen126
\scratchbox=\box34
\nofMPsegments=\count124
\nofMParguments=\count125
\everyMPshowfont=\toks26
\MPscratchCnt=\count126
\MPscratchDim=\dimen127
\MPnumerator=\count127
\makeMPintoPDFobject=\count128
\everyMPtoPDFconversion=\toks27
) (/usr/share/texlive/texmf-dist/tex/latex/oberdiek/epstopdf-base.sty
Package: epstopdf-base 2016/05/15 v2.6 Base part for package epstopdf

(/usr/share/texlive/texmf-dist/tex/generic/oberdiek/infwarerr.sty
Package: infwarerr 2016/05/16 v1.4 Providing info/warning/error messages (HO)
)
(/usr/share/texlive/texmf-dist/tex/latex/oberdiek/grfext.sty
Package: grfext 2016/05/16 v1.2 Manage graphics extensions (HO)

(/usr/share/texlive/texmf-dist/tex/generic/oberdiek/kvdefinekeys.sty
Package: kvdefinekeys 2016/05/16 v1.4 Define keys (HO)

(/usr/share/texlive/texmf-dist/tex/generic/oberdiek/ltxcmds.sty
Package: ltxcmds 2016/05/16 v1.23 LaTeX kernel commands for general use (HO)
)))
(/usr/share/texlive/texmf-dist/tex/latex/oberdiek/kvoptions.sty
Package: kvoptions 2016/05/16 v3.12 Key value format for package options (HO)

(/usr/share/texlive/texmf-dist/tex/generic/oberdiek/kvsetkeys.sty
Package: kvsetkeys 2016/05/16 v1.17 Key value parser (HO)

(/usr/share/texlive/texmf-dist/tex/generic/oberdiek/etexcmds.sty
Package: etexcmds 2016/05/16 v1.6 Avoid name clashes with e-TeX commands (HO)

(/usr/share/texlive/texmf-dist/tex/generic/oberdiek/ifluatex.sty
Package: ifluatex 2016/05/16 v1.4 Provides the ifluatex switch (HO)
Package ifluatex Info: LuaTeX not detected.
))))
(/usr/share/texlive/texmf-dist/tex/generic/oberdiek/pdftexcmds.sty
Package: pdftexcmds 2018/09/10 v0.29 Utility functions of pdfTeX for LuaTeX (HO
)

(/usr/share/texlive/texmf-dist/tex/generic/oberdiek/ifpdf.sty
Package: ifpdf 2018/09/07 v3.3 Provides the ifpdf switch
)
Package pdftexcmds Info: LuaTeX not detected.
Package pdftexcmds Info: \pdf@primitive is available.
Package pdftexcmds Info: \pdf@ifprimitive is available.
Package pdftexcmds Info: \pdfdraftmode found.
)
Package epstopdf-base Info: Redefining graphics rule for `.eps' on input line 4
38.
Package grfext Info: Graphics extension search list:
(grfext)             [.pdf,.png,.jpg,.mps,.jpeg,.jbig2,.jb2,.PDF,.PNG,.JPG,.JPE
G,.JBIG2,.JB2,.eps]
(grfext)             \AppendGraphicsExtensions on input line 456.

(/usr/share/texlive/texmf-dist/tex/latex/latexconfig/epstopdf-sys.cfg
File: epstopdf-sys.cfg 2010/07/13 v1.3 Configuration of (r)epstopdf for TeX Liv
e
))

Class SVJour3 Warning: \thanks may only be used inside of \title, \author,
(SVJour3)              and \date prior to \maketitle on input line 62.

SVJour3 warning: Missing \journalname

LaTeX Font Warning: Font shape `OT1/cmr/bx/n' in size <13> not available
(Font)              size <12> substituted on input line 82.

LaTeX Font Info:    Try loading font information for U+msa on input line 82.
(/usr/share/texlive/texmf-dist/tex/latex/amsfonts/umsa.fd
File: umsa.fd 2013/01/14 v3.01 AMS symbols A
)
LaTeX Font Info:    Try loading font information for U+msb on input line 82.

(/usr/share/texlive/texmf-dist/tex/latex/amsfonts/umsb.fd
File: umsb.fd 2013/01/14 v3.01 AMS symbols B
)
Underfull \vbox (badness 10000) has occurred while \output is active []

 [1{/var/lib/texmf/fonts/map/pdftex/updmap/pdftex.map}]

LaTeX Warning: Citation ` Johnstone01' on page 2 undefined on input line 148.

[2]
LaTeX Font Info:    Try loading font information for OMS+cmr on input line 167.

 (/usr/share/texlive/texmf-dist/tex/latex/base/omscmr.fd
File: omscmr.fd 2014/09/29 v2.5h Standard LaTeX font definitions
)
LaTeX Font Info:    Font shape `OMS/cmr/m/n' in size <10> not available
(Font)              Font shape `OMS/cmsy/m/n' tried instead on input line 167.


LaTeX Warning: Citation ` Muirhead' on page 3 undefined on input line 171.

[3] [4]
Overfull \hbox (10.24948pt too wide) in paragraph at lines 295--299
\OT1/cmr/m/n/10 tions of $\OML/cmm/m/it/10 n \OT1/cmr/m/n/10 = 4$ with at most 
$2$ parts and get $\OMS/cmsy/m/n/10 U \OT1/cmr/m/n/10 = []$. 
 []


Overfull \hbox (8.25049pt too wide) in paragraph at lines 307--317
\OT1/cmr/m/n/10 randomly gen-er-ates such a $2 \OMS/cmsy/m/n/10 ^^B \OT1/cmr/m/
n/10 2$ ma-trix $\OML/cmm/m/it/10 W$\OT1/cmr/m/n/10 . For sim-plic-ity, we let 
$\OML/cmm/m/it/10 Y \OT1/cmr/m/n/10 = [](\OML/cmm/m/it/10 y[]; y[]\OT1/cmr/m/n/
10 )$.
 []

[5] [6] [7] [8]
Overfull \hbox (2.04501pt too wide) detected at line 587
\OT1/cmr/m/n/10 (\OML/cmm/m/it/10 ^^U[]; [] ; ^^U[]; ^^U[] \OT1/cmr/m/n/10 + \O
ML/cmm/m/it/10 t; ^^U[]; [] ; ^^U[]; ^^U[]; [] ; ^^U[]; ^^U[]; [] ; ^^U[]; ^^U[
] \OMS/cmsy/m/n/10 ^^@ \OML/cmm/m/it/10 t; ^^U[]; [] \OT1/cmr/m/n/10 )\OML/cmm/
m/it/10 :
 []

[9]
<zeros.pdf, id=54, 361.35pt x 354.32375pt>
File: zeros.pdf Graphic file (type pdf)
<use zeros.pdf>
Package pdftex.def Info: zeros.pdf  used on input line 645.
(pdftex.def)             Requested size: 169.0pt x 165.71579pt.
 [10] [11 <./zeros.pdf>]
Overfull \hbox (13.83902pt too wide) detected at line 711
\OML/cmm/m/it/10 c[] \OT1/cmr/m/n/10 = [] \OMS/cmsy/m/n/10 ^^@ \OML/cmm/m/it/10
 c[] \OT1/cmr/m/n/10 = \OML/cmm/m/it/10 n \OMS/cmsy/m/n/10 ^^@ [] \OT1/cmr/m/n/
10 = [] = []\OML/cmm/m/it/10 :
 []


Overfull \hbox (0.83252pt too wide) in paragraph at lines 771--771
[]$ 
 []


Underfull \hbox (badness 10000) in paragraph at lines 771--771

 []

[12]
Overfull \hbox (5.54123pt too wide) detected at line 801
[] \OML/cmm/m/it/10 c[] \OT1/cmr/m/n/10 = [] [] = [] = [] \OMS/cmsy/m/n/10 ^^A 
[]\OML/cmm/m/it/10 :
 []

[13]
Underfull \hbox (badness 10000) in paragraph at lines 871--871

 []

[14] [15]
Overfull \hbox (1.26622pt too wide) detected at line 989
[]
 []

[16] [17]
Overfull \hbox (18.64484pt too wide) detected at line 1087
\OML/cmm/m/it/10 c[] \OT1/cmr/m/n/10 = [] \OMS/cmsy/m/n/10 ^^A []\OML/cmm/m/it/
10 ;
 []

(/usr/share/texlive/texmf-dist/tex/latex/base/latin1.def
File: latin1.def 2018/08/11 v1.3c Input encoding file
)
(/usr/share/texlive/texmf-dist/tex/latex/base/latin9.def
File: latin9.def 2018/08/11 v1.3c Input encoding file
)
(/usr/share/texlive/texmf-dist/tex/latex/base/latin1.def
File: latin1.def 2018/08/11 v1.3c Input encoding file
)
(/usr/share/texlive/texmf-dist/tex/latex/base/latin9.def
File: latin9.def 2018/08/11 v1.3c Input encoding file
)
(/usr/share/texlive/texmf-dist/tex/latex/base/latin1.def
File: latin1.def 2018/08/11 v1.3c Input encoding file
)
(/usr/share/texlive/texmf-dist/tex/latex/base/latin9.def
File: latin9.def 2018/08/11 v1.3c Input encoding file
)
(/usr/share/texlive/texmf-dist/tex/latex/base/latin1.def
File: latin1.def 2018/08/11 v1.3c Input encoding file
)
(/usr/share/texlive/texmf-dist/tex/latex/base/latin9.def
File: latin9.def 2018/08/11 v1.3c Input encoding file
)
(/usr/share/texlive/texmf-dist/tex/latex/base/latin1.def
File: latin1.def 2018/08/11 v1.3c Input encoding file
)
(/usr/share/texlive/texmf-dist/tex/latex/base/latin9.def
File: latin9.def 2018/08/11 v1.3c Input encoding file
)
(/usr/share/texlive/texmf-dist/tex/latex/base/latin1.def
File: latin1.def 2018/08/11 v1.3c Input encoding file
)
(/usr/share/texlive/texmf-dist/tex/latex/base/latin9.def
File: latin9.def 2018/08/11 v1.3c Input encoding file
)
(/usr/share/texlive/texmf-dist/tex/latex/base/latin1.def
File: latin1.def 2018/08/11 v1.3c Input encoding file
)
(/usr/share/texlive/texmf-dist/tex/latex/base/latin9.def
File: latin9.def 2018/08/11 v1.3c Input encoding file
)
(/usr/share/texlive/texmf-dist/tex/latex/base/latin1.def
File: latin1.def 2018/08/11 v1.3c Input encoding file
)
(/usr/share/texlive/texmf-dist/tex/latex/base/latin9.def
File: latin9.def 2018/08/11 v1.3c Input encoding file
)
Underfull \hbox (badness 10000) in paragraph at lines 1127--1127
[]\OT1/cmtt/m/n/10 12/5*a^2*b + 12/5*a*b^2 + 12/5*a^2*c + 18/5*a*b*c + 12/5*b^2
*c
 []

[18]
<Screenshot.jpg, id=102, 388.8126pt x 245.2362pt>
File: Screenshot.jpg Graphic file (type jpg)
<use Screenshot.jpg>
Package pdftex.def Info: Screenshot.jpg  used on input line 1182.
(pdftex.def)             Requested size: 338.02098pt x 199.16785pt.
 [19 <./Screenshot.jpg>]
Overfull \hbox (29.02148pt too wide) in paragraph at lines 1231--1231
[][]$[][]\OT1/cmr/m/n/8 1\OML/cmm/m/it/8 ; []; []; []; [][]; []\OT1/cmr/m/n/8 0
\OML/cmm/m/it/8 ; []; []; []; [][]; []\OT1/cmr/m/n/8 0\OML/cmm/m/it/8 ; \OT1/cm
r/m/n/8 0\OML/cmm/m/it/8 ; []; []; [][]; []\OT1/cmr/m/n/8 0\OML/cmm/m/it/8 ; \O
T1/cmr/m/n/8 0\OML/cmm/m/it/8 ; \OT1/cmr/m/n/8 0\OML/cmm/m/it/8 ; []; [][]; []\
OT1/cmr/m/n/8 0\OML/cmm/m/it/8 ; \OT1/cmr/m/n/8 0\OML/cmm/m/it/8 ; \OT1/cmr/m/n
/8 0\OML/cmm/m/it/8 ; \OT1/cmr/m/n/8 0\OML/cmm/m/it/8 ; [][][]$
 []

(./zonal.bbl [20]) [21] (./zonal.aux)

LaTeX Font Warning: Size substitutions with differences
(Font)              up to 1.0pt have occurred.

 ) 
Here is how much of TeX's memory you used:
 4040 strings out of 494477
 52502 string characters out of 6175714
 142648 words of memory out of 5000000
 7586 multiletter control sequences out of 15000+600000
 16346 words of font info for 60 fonts, out of 8000000 for 9000
 59 hyphenation exceptions out of 8191
 41i,15n,35p,672b,531s stack positions out of 5000i,500n,10000p,200000b,80000s
</usr/share/texlive/texmf-dist/fonts/type1/public/amsfonts/cm/cmbsy10.pfb></u
sr/share/texlive/texmf-dist/fonts/type1/public/amsfonts/cmextra/cmbsy8.pfb></us
r/share/texlive/texmf-dist/fonts/type1/public/amsfonts/cm/cmbx10.pfb></usr/shar
e/texlive/texmf-dist/fonts/type1/public/amsfonts/cm/cmbx12.pfb></usr/share/texl
ive/texmf-dist/fonts/type1/public/amsfonts/cm/cmbx8.pfb></usr/share/texlive/tex
mf-dist/fonts/type1/public/amsfonts/cm/cmbxti10.pfb></usr/share/texlive/texmf-d
ist/fonts/type1/public/amsfonts/cm/cmex10.pfb></usr/share/texlive/texmf-dist/fo
nts/type1/public/amsfonts/cmextra/cmex8.pfb></usr/share/texlive/texmf-dist/font
s/type1/public/amsfonts/cm/cmmi10.pfb></usr/share/texlive/texmf-dist/fonts/type
1/public/amsfonts/cm/cmmi5.pfb></usr/share/texlive/texmf-dist/fonts/type1/publi
c/amsfonts/cm/cmmi6.pfb></usr/share/texlive/texmf-dist/fonts/type1/public/amsfo
nts/cm/cmmi7.pfb></usr/share/texlive/texmf-dist/fonts/type1/public/amsfonts/cm/
cmmi8.pfb></usr/share/texlive/texmf-dist/fonts/type1/public/amsfonts/cm/cmmib10
.pfb></usr/share/texlive/texmf-dist/fonts/type1/public/amsfonts/cmextra/cmmib7.
pfb></usr/share/texlive/texmf-dist/fonts/type1/public/amsfonts/cmextra/cmmib8.p
fb></usr/share/texlive/texmf-dist/fonts/type1/public/amsfonts/cm/cmr10.pfb></us
r/share/texlive/texmf-dist/fonts/type1/public/amsfonts/cm/cmr5.pfb></usr/share/
texlive/texmf-dist/fonts/type1/public/amsfonts/cm/cmr6.pfb></usr/share/texlive/
texmf-dist/fonts/type1/public/amsfonts/cm/cmr7.pfb></usr/share/texlive/texmf-di
st/fonts/type1/public/amsfonts/cm/cmr8.pfb></usr/share/texlive/texmf-dist/fonts
/type1/public/amsfonts/cm/cmss10.pfb></usr/share/texlive/texmf-dist/fonts/type1
/public/amsfonts/cm/cmss8.pfb></usr/share/texlive/texmf-dist/fonts/type1/public
/amsfonts/cm/cmsy10.pfb></usr/share/texlive/texmf-dist/fonts/type1/public/amsfo
nts/cm/cmsy5.pfb></usr/share/texlive/texmf-dist/fonts/type1/public/amsfonts/cm/
cmsy6.pfb></usr/share/texlive/texmf-dist/fonts/type1/public/amsfonts/cm/cmsy7.p
fb></usr/share/texlive/texmf-dist/fonts/type1/public/amsfonts/cm/cmsy8.pfb></us
r/share/texlive/texmf-dist/fonts/type1/public/amsfonts/cm/cmti10.pfb></usr/shar
e/texlive/texmf-dist/fonts/type1/public/amsfonts/cm/cmti7.pfb></usr/share/texli
ve/texmf-dist/fonts/type1/public/amsfonts/cm/cmti8.pfb></usr/share/texlive/texm
f-dist/fonts/type1/public/amsfonts/cm/cmtt10.pfb></usr/share/texlive/texmf-dist
/fonts/type1/public/amsfonts/cm/cmtt8.pfb></usr/share/texlive/texmf-dist/fonts/
type1/public/amsfonts/symbols/msbm10.pfb>
Output written on zonal.pdf (21 pages, 874801 bytes).
PDF statistics:
 225 PDF objects out of 1000 (max. 8388607)
 160 compressed objects within 2 object streams
 0 named destinations out of 1000 (max. 500000)
 11 words of extra memory for PDF output out of 10000 (max. 10000000)

